<?xml version="1.0" encoding="UTF-8"?>
<!-- Generated by org.testng.reporters.JUnitReportReporter -->
<testsuite hostname="LTIN-APLLXFC7QJKQW" failures="0" tests="1" name="reusables.Script1" time="10.941" errors="0" timestamp="2023-01-05T23:15:13 IST" skipped="0">
  <testcase classname="reusables.Script1" name="sample" time="10.941"/>
  <system-out/>
</testsuite> <!-- reusables.Script1 -->
