<?xml version="1.0" encoding="UTF-8"?>
<!-- Generated by org.testng.reporters.JUnitReportReporter -->
<testsuite hostname="LTIN-APLLXFC7QJKQW" failures="0" tests="4" name="com.la.lambdatest.Lambdatest2" time="68.556" errors="0" timestamp="2022-12-05T13:46:11 IST" skipped="0">
  <testcase classname="com.la.lambdatest.Lambdatest2" name="testUntitledTestCase2" time="26.890"/>
  <system-out/>
  <testcase classname="com.la.lambdatest.Lambdatest2" name="testUntitledTestCase" time="14.211"/>
  <system-out/>
  <testcase classname="com.la.lambdatest.Lambdatest2" name="basicTest" time="14.946"/>
  <system-out/>
  <testcase classname="com.la.lambdatest.Lambdatest2" name="testUntitledTestCase1" time="12.509"/>
  <system-out/>
</testsuite> <!-- com.la.lambdatest.Lambdatest2 -->
