<?xml version="1.0" encoding="UTF-8"?>
<!-- Generated by org.testng.reporters.JUnitReportReporter -->
<testsuite hostname="LTIN-APLLXFC7QJKQW" failures="0" tests="1" name="reusables.Script" time="11.692" errors="0" timestamp="2022-12-28T19:44:03 IST" skipped="0">
  <testcase classname="reusables.Script" name="run" time="11.692"/>
  <system-out/>
</testsuite> <!-- reusables.Script -->
