<?xml version="1.0" encoding="UTF-8"?>
<!-- Generated by org.testng.reporters.JUnitReportReporter -->
<testsuite skipped="0" hostname="LTIN-APLLXFC7QJKQW" name="reusables.Script1" tests="1" failures="0" timestamp="2023-01-05T20:53:02 IST" time="29.908" errors="0">
  <testcase name="sample" time="29.908" classname="reusables.Script1"/>
  <system-out/>
</testsuite> <!-- reusables.Script1 -->
