<?xml version="1.0" encoding="UTF-8"?>
<!-- Generated by org.testng.reporters.JUnitReportReporter -->
<testsuite hostname="LTIN-APLLXFC7QJKQW" failures="0" tests="4" name="com.la.lambdatest.LambdaTest1" time="63.319" errors="0" timestamp="2022-12-05T13:31:54 IST" skipped="0">
  <testcase classname="com.la.lambdatest.LambdaTest1" name="basicTest" time="14.394"/>
  <system-out/>
  <testcase classname="com.la.lambdatest.LambdaTest1" name="testUntitledTestCase2" time="26.154"/>
  <system-out/>
  <testcase classname="com.la.lambdatest.LambdaTest1" name="testUntitledTestCase" time="11.923"/>
  <system-out/>
  <testcase classname="com.la.lambdatest.LambdaTest1" name="testUntitledTestCase1" time="10.848"/>
  <system-out/>
</testsuite> <!-- com.la.lambdatest.LambdaTest1 -->
